p/AbdA_00127_m_31_i_fr_nc_no_2016_2_e0_nl_o.jpg 1 0 0 640 480
p/AbdA_00126_m_31_i_fr_nc_no_2016_2_e0_nl_o.jpg 1 0 0 640 480
p/AbdA_00125_m_31_i_fr_nc_no_2016_2_e0_nl_o.jpg 1 0 0 640 480
p/AbdA_00124_m_31_i_fr_nc_sr_2016_2_e0_nl_o.jpg 1 0 0 640 480
p/AbdA_00123_m_31_i_fr_nc_sr_2016_2_e0_nl_o.jpg 1 0 0 640 480
p/AbdA_00122_m_31_i_fr_nc_sr_2016_2_e0_nl_o.jpg 1 0 0 640 480
p/AbdA_00121_m_31_i_fr_nc_sr_2016_2_e0_nl_o.jpg 1 0 0 640 480
p/AbdA_00120_m_31_i_fr_nc_sr_2016_2_e0_nl_o.jpg 1 0 0 640 480
p/AbdA_00119_m_31_i_fr_nc_sr_2016_2_e0_nl_o.jpg 1 0 0 640 480
p/AbdA_00118_m_31_i_fr_nc_sr_2016_2_e0_nl_o.jpg 1 0 0 640 480
p/AbdA_00117_m_31_i_fr_nc_hp_2016_2_e0_nl_o.jpg 1 0 0 640 480
p/AbdA_00116_m_31_i_fr_nc_sr_2016_2_e0_nl_o.jpg 1 0 0 640 480
p/AbdA_00115_m_31_i_fr_nc_no_2016_2_e0_nl_o.jpg 1 0 0 640 480
p/AbdA_00114_m_31_i_fr_nc_no_2016_2_e0_nl_o.jpg 1 0 0 640 480
p/AbdA_00113_m_31_i_fr_nc_sd_2016_2_e0_nl_o.jpg 1 0 0 640 480
p/AbdA_00112_m_31_i_fr_nc_sd_2016_2_e0_nl_o.jpg 1 0 0 640 480
p/AbdA_00111_m_31_i_fr_nc_sd_2016_2_e0_nl_o.jpg 1 0 0 640 480
p/AbdA_00110_m_31_i_fr_nc_sd_2016_2_e0_nl_o.jpg 1 0 0 640 480
p/AbdA_00109_m_31_i_fr_nc_sd_2016_2_e0_nl_o.jpg 1 0 0 640 480
p/AbdA_00108_m_31_i_fr_nc_sd_2016_2_e0_nl_o.jpg 1 0 0 640 480
p/AbdA_00107_m_31_i_fr_nc_sd_2016_2_e0_nl_o.jpg 1 0 0 640 480
p/AbdA_00106_m_31_i_fr_nc_no_2016_2_e0_nl_o.jpg 1 0 0 640 480
p/AbdA_00105_m_31_i_fr_nc_sd_2016_2_e0_nl_o.jpg 1 0 0 640 480
p/AbdA_00104_m_31_i_fr_nc_sd_2016_2_e0_nl_o.jpg 1 0 0 640 480
p/AbdA_00103_m_31_i_fr_nc_sd_2016_2_e0_nl_o.jpg 1 0 0 640 480
p/AbdA_00102_m_31_i_fr_nc_sd_2016_2_e0_nl_o.jpg 1 0 0 640 480
p/AbdA_00101_m_31_i_fr_nc_sd_2016_2_e0_nl_o.jpg 1 0 0 640 480
p/AbdA_00100_m_31_i_fr_nc_sd_2016_2_e0_nl_o.jpg 1 0 0 640 480
p/AbdA_00099_m_31_i_fr_nc_no_2016_2_e0_nl_o.jpg 1 0 0 640 480
p/AbdA_00098_m_31_i_fr_nc_no_2016_2_e0_nl_o.jpg 1 0 0 640 480
p/AbdA_00097_m_31_i_fr_nc_no_2016_2_e0_nl_o.jpg 1 0 0 640 480
p/AbdA_00096_m_31_i_fr_nc_no_2016_2_e0_nl_o.jpg 1 0 0 640 480
p/AbdA_00095_m_31_i_fr_nc_sd_2016_2_e0_nl_o.jpg 1 0 0 640 480
p/AbdA_00094_m_31_i_fr_nc_no_2016_2_e0_nl_o.jpg 1 0 0 640 480
p/AbdA_00093_m_31_i_fr_nc_no_2016_2_e0_nl_o.jpg 1 0 0 640 480
p/AbdA_00092_m_31_i_fr_nc_no_2016_2_e0_nl_o.jpg 1 0 0 640 480
p/AbdA_00091_m_31_i_fr_nc_no_2016_2_e0_nl_o.jpg 1 0 0 640 480
p/AbdA_00090_m_31_i_fr_nc_no_2016_2_e0_nl_o.jpg 1 0 0 640 480
p/AbdA_00089_m_31_i_fr_nc_no_2016_2_e0_nl_o.jpg 1 0 0 640 480
p/AbdA_00088_m_31_i_fr_nc_no_2016_2_e0_nl_o.jpg 1 0 0 640 480
p/AbdA_00087_m_31_i_fr_nc_no_2016_2_e0_nl_o.jpg 1 0 0 640 480
p/AbdA_00086_m_31_i_fr_nc_no_2016_2_e0_nl_o.jpg 1 0 0 640 480
p/AbdA_00085_m_31_i_fr_nc_no_2016_2_e0_nl_o.jpg 1 0 0 640 480
p/AbdA_00084_m_31_i_fr_nc_no_2016_2_e0_nl_o.jpg 1 0 0 640 480
p/AbdA_00083_m_31_i_fr_nc_no_2016_2_e0_nl_o.jpg 1 0 0 640 480
p/AbdA_00082_m_31_i_fr_nc_no_2016_2_e0_nl_o.jpg 1 0 0 640 480
p/AbdA_00081_m_31_i_fr_nc_no_2016_2_e0_nl_o.jpg 1 0 0 640 480
p/AbdA_00080_m_31_i_fr_nc_no_2016_2_e0_nl_o.jpg 1 0 0 640 480
p/AbdA_00079_m_31_i_fr_nc_no_2016_2_e0_nl_o.jpg 1 0 0 640 480
p/AbdA_00078_m_31_i_fr_nc_no_2016_2_e0_nl_o.jpg 1 0 0 640 480
p/AbdA_00077_m_31_i_fr_nc_no_2016_2_e0_nl_o.jpg 1 0 0 640 480
p/AbdA_00076_m_31_i_fr_nc_no_2016_2_e0_nl_o.jpg 1 0 0 640 480
p/AbdA_00075_m_31_i_fr_nc_no_2016_2_e0_nl_o.jpg 1 0 0 640 480
p/AbdA_00074_m_31_i_fr_nc_no_2016_2_e0_nl_o.jpg 1 0 0 640 480
p/AbdA_00073_m_31_i_fr_nc_no_2016_2_e0_nl_o.jpg 1 0 0 640 480
p/AbdA_00072_m_31_i_fr_nc_no_2016_2_e0_nl_o.jpg 1 0 0 640 480
p/AbdA_00071_m_31_i_fr_nc_no_2016_2_e0_nl_o.jpg 1 0 0 640 480
p/AbdA_00070_m_31_i_fr_nc_sr_2016_2_e0_nl_o.jpg 1 0 0 640 480
p/AbdA_00069_m_31_i_fr_nc_hp_2016_2_e0_nl_o.jpg 1 0 0 640 480
p/AbdA_00068_m_31_i_fr_nc_hp_2016_2_e0_nl_o.jpg 1 0 0 640 480
p/AbdA_00067_m_31_i_fr_nc_no_2016_2_e0_nl_o.jpg 1 0 0 640 480
p/AbdA_00066_m_31_i_fr_nc_sd_2016_2_e0_nl_o.jpg 1 0 0 640 480
p/AbdA_00065_m_31_i_fr_nc_sd_2016_2_e0_nl_o.jpg 1 0 0 640 480
p/AbdA_00064_m_31_i_fr_nc_no_2016_2_e0_nl_o.jpg 1 0 0 640 480
p/AbdA_00063_m_31_i_fr_nc_no_2016_2_e0_nl_o.jpg 1 0 0 640 480
p/AbdA_00062_m_31_i_fr_nc_no_2016_2_e0_nl_o.jpg 1 0 0 640 480
p/AbdA_00061_m_31_i_fr_nc_no_2016_2_e0_nl_o.jpg 1 0 0 640 480
p/AbdA_00060_m_31_i_fr_nc_no_2016_2_e0_nl_o.jpg 1 0 0 640 480
p/AbdA_00059_m_31_i_fr_nc_no_2016_2_e0_nl_o.jpg 1 0 0 640 480
p/AbdA_00058_m_31_i_fr_nc_no_2016_2_e0_nl_o.jpg 1 0 0 640 480
p/AbdA_00057_m_31_i_fr_nc_no_2016_2_e0_nl_o.jpg 1 0 0 640 480
p/AbdA_00056_m_31_i_fr_nc_no_2016_2_e0_nl_o.jpg 1 0 0 640 480
p/AbdA_00055_m_31_i_fr_nc_no_2016_2_e0_nl_o.jpg 1 0 0 640 480
p/AbdA_00054_m_31_i_fr_nc_no_2016_2_e0_nl_o.jpg 1 0 0 640 480
p/AbdA_00053_m_31_i_fr_nc_no_2016_2_e0_nl_o.jpg 1 0 0 640 480
p/AbdA_00052_m_31_i_fr_nc_no_2016_2_e0_nl_o.jpg 1 0 0 640 480
p/AbdA_00051_m_31_i_fr_nc_no_2016_2_e0_nl_o.jpg 1 0 0 640 480
p/AbdA_00050_m_31_i_fr_nc_no_2016_2_e0_nl_o.jpg 1 0 0 640 480
p/AbdA_00049_m_31_i_fr_nc_no_2016_2_e0_nl_o.jpg 1 0 0 640 480
p/AbdA_00048_m_31_i_fr_nc_no_2016_2_e0_nl_o.jpg 1 0 0 640 480
p/AbdA_00047_m_31_i_fr_nc_no_2016_2_e0_nl_o.jpg 1 0 0 640 480
p/AbdA_00046_m_31_i_fr_nc_no_2016_2_e0_nl_o.jpg 1 0 0 640 480
p/AbdA_00045_m_31_i_fr_nc_no_2016_2_e0_nl_o.jpg 1 0 0 640 480
p/AbdA_00044_m_31_i_fr_nc_no_2016_2_e0_nl_o.jpg 1 0 0 640 480
p/AbdA_00043_m_31_i_fr_nc_no_2016_2_e0_nl_o.jpg 1 0 0 640 480
p/AbdA_00042_m_31_i_fr_nc_no_2016_2_e0_nl_o.jpg 1 0 0 640 480
p/AbdA_00041_m_31_i_fr_nc_no_2016_2_e0_nl_o.jpg 1 0 0 640 480
p/AbdA_00040_m_31_i_fr_nc_no_2016_2_e0_nl_o.jpg 1 0 0 640 480
p/AbdA_00039_m_31_i_fr_nc_hp_2016_2_e0_nl_o.jpg 1 0 0 640 480
p/AbdA_00038_m_31_i_fr_nc_hp_2016_2_e0_nl_o.jpg 1 0 0 640 480
p/AbdA_00037_m_31_i_fr_nc_no_2016_2_e0_nl_o.jpg 1 0 0 640 480
p/AbdA_00036_m_31_i_fr_nc_sd_2016_2_e0_nl_o.jpg 1 0 0 640 480
p/AbdA_00035_m_31_i_fr_nc_no_2016_2_e0_nl_o.jpg 1 0 0 640 480
p/AbdA_00034_m_31_i_fr_nc_sr_2016_2_e0_nl_o.jpg 1 0 0 640 480
p/AbdA_00033_m_31_i_fr_nc_no_2016_2_e0_nl_o.jpg 1 0 0 640 480
p/AbdA_00032_m_31_i_fr_nc_hp_2016_2_e0_nl_o.jpg 1 0 0 640 480
p/AbdA_00031_m_31_i_fr_nc_sd_2016_2_e0_nl_o.jpg 1 0 0 640 480
p/AbdA_00030_m_31_i_fr_nc_sd_2016_2_e0_nl_o.jpg 1 0 0 640 480
p/AbdA_00029_m_31_i_fr_nc_sd_2016_2_e0_nl_o.jpg 1 0 0 640 480
p/AbdA_00028_m_31_i_fr_nc_sd_2016_2_e0_nl_o.jpg 1 0 0 640 480
p/AbdA_00027_m_31_i_fr_nc_sd_2016_2_e0_nl_o.jpg 1 0 0 640 480
p/AbdA_00026_m_31_i_fr_nc_sd_2016_2_e0_nl_o.jpg 1 0 0 640 480
p/AbdA_00025_m_31_i_fr_nc_sd_2016_2_e0_nl_o.jpg 1 0 0 640 480
p/AbdA_00024_m_31_i_fr_nc_hp_2016_2_e0_nl_o.jpg 1 0 0 640 480
p/AbdA_00023_m_31_i_fr_nc_no_2016_2_e0_nl_o.jpg 1 0 0 640 480
p/AbdA_00022_m_31_i_fr_nc_no_2016_2_e0_nl_o.jpg 1 0 0 640 480
p/AbdA_00021_m_31_i_fr_nc_no_2016_2_e0_nl_o.jpg 1 0 0 640 480
p/AbdA_00020_m_31_i_fr_nc_no_2016_2_e0_nl_o.jpg 1 0 0 640 480
p/AbdA_00019_m_31_i_fr_nc_no_2016_2_e0_nl_o.jpg 1 0 0 640 480
p/AbdA_00018_m_31_i_fr_nc_no_2016_2_e0_nl_o.jpg 1 0 0 640 480
p/AbdA_00017_m_31_i_fr_nc_no_2016_2_e0_nl_o.jpg 1 0 0 640 480
p/AbdA_00016_m_31_i_fr_nc_no_2016_2_e0_nl_o.jpg 1 0 0 640 480
p/AbdA_00015_m_31_i_fr_nc_no_2016_2_e0_nl_o.jpg 1 0 0 640 480
p/AbdA_00014_m_31_i_fr_nc_sr_2016_2_e0_nl_o.jpg 1 0 0 640 480
p/AbdA_00013_m_31_i_fr_nc_sr_2016_2_e0_nl_o.jpg 1 0 0 640 480
p/AbdA_00012_m_31_i_fr_nc_sr_2016_2_e0_nl_o.jpg 1 0 0 640 480
p/AbdA_00011_m_31_i_fr_nc_sr_2016_2_e0_nl_o.jpg 1 0 0 640 480
p/AbdA_00010_m_31_i_fr_nc_hp_2016_2_e0_nl_o.jpg 1 0 0 640 480
p/AbdA_00009_m_31_i_fr_nc_hp_2016_2_e0_nl_o.jpg 1 0 0 640 480
p/AbdA_00008_m_31_i_fr_nc_hp_2016_2_e0_nl_o.jpg 1 0 0 640 480
p/AbdA_00007_m_31_i_fr_nc_hp_2016_2_e0_nl_o.jpg 1 0 0 640 480
p/AbdA_00006_m_31_i_fr_nc_hp_2016_2_e0_nl_o.jpg 1 0 0 640 480
p/AbdA_00005_m_31_i_fr_nc_hp_2016_2_e0_nl_o.jpg 1 0 0 640 480
p/AbdA_00004_m_31_i_fr_nc_hp_2016_2_e0_nl_o.jpg 1 0 0 640 480
p/AbdA_00003_m_31_i_fr_nc_hp_2016_2_e0_nl_o.jpg 1 0 0 640 480
p/AbdA_00002_m_31_i_fr_nc_sr_2016_2_e0_nl_o.jpg 1 0 0 640 480
p/AbdA_00001_m_31_i_fr_nc_no_2016_2_e0_nl_o.jpg 1 0 0 640 480