p/YosB_02468_f_20_i_nf_nc_hp_2016_2_e0_nl_o.jpg 1 0 0 640 480
p/YosB_02461_f_19_i_nf_nc_no_2015_1_e0_nl_o.jpg 1 0 0 640 480
p/ShrM_02443_m_21_i_nf_nc_hp_2013_1_e0_nl_o.jpg 1 0 0 640 480
p/SarM_02430_f_21_o_nf_nc_hp_2015_1_e0_nl_o.jpg 1 0 0 640 480
p/SarE_02421_f_22_i_fr_nc_hp_2016_2_e0_nl_o.jpg 1 0 0 640 480
p/SarE_02317_f_22_i_nf_nc_hp_2016_1_e0_nl_o.jpg 1 0 0 640 480
p/SarA_02314_f_19_o_fr_nc_no_2015_1_e0_nl_o.jpg 1 0 0 640 480
p/ReeS_02273_f_21_o_nf_nc_no_2011_1_e0_nl_o.jpg 1 0 0 640 480
p/PetN_02262_m_20_i_fr_nc_hp_2015_1_e0_nl_o.jpg 1 0 0 640 480
p/PetJ_02246_m_20_i_fr_nc_hp_2015_1_e0_nl_o.jpg 1 0 0 640 480
p/PetB_02238_m_22_i_fr_nc_hp_2015_1_e0_nl_o.jpg 1 0 0 640 480
p/OliA_02081_f_20_i_fr_nc_no_2016_2_e0_nl_o.jpg 1 0 0 640 480
p/OliA_02054_f_19_i_fr_nc_hp_2015_1_e0_nl_o.jpg 1 0 0 640 480
p/NasH_02041_m_27_o_nf_nc_hp_2015_1_e0_nl_o.jpg 1 0 0 640 480
p/NasH_02040_m_27_o_nf_nc_no_2015_1_e0_nl_o.jpg 1 0 0 640 480
p/NasH_02037_m_26_o_nf_nc_no_2014_1_e0_nl_o.jpg 1 0 0 640 480
p/MotM_01978_m_21_i_fr_nc_hp_2015_1_e0_nl_o.jpg 1 0 0 640 480
p/MosK_01974_m_20_o_fr_nc_no_2015_1_e0_nl_o.jpg 1 0 0 640 480
p/MonM_01965_f_20_i_nf_nc_hp_2015_1_e0_nl_o.jpg 1 0 0 640 480
p/MohH_01942_m_18_i_nf_nc_hp_2016_1_e0_nl_o.jpg 1 0 0 640 480
p/MohG_01722_m_32_i_fr_nc_hp_2016_2_e0_nl_o.jpg 1 0 0 640 480
p/MohF_01710_m_24_i_fr_nc_no_2013_1_e0_nl_o.jpg 1 0 0 640 480
p/MohF_01701_m_24_o_fr_nc_hp_2013_1_e0_nl_o.jpg 1 0 0 640 480
p/MohF_01699_m_27_i_fr_nc_hp_2016_1_e0_nl_o.jpg 1 0 0 640 480
p/MohA_01693_m_26_o_nf_cr_no_2013_1_e0_nl_o.jpg 1 0 0 640 480
p/MirT_01687_f_21_i_nf_nc_hp_2013_1_e0_nl_o.jpg 1 0 0 640 480
p/MirT_01685_f_22_i_nf_nc_hp_2014_1_e0_nl_o.jpg 1 0 0 640 480
p/MirT_01676_f_21_o_nf_nc_hp_2013_1_e0_nl_o.jpg 1 0 0 640 480
p/MirM_01582_f_20_i_fr_nc_sr_2016_2_e0_nl_o.jpg 1 0 0 640 480
p/MhmA_01575_m_24_i_fr_nc_no_2015_1_e0_nl_o.jpg 1 0 0 640 480
p/MerN_01543_f_20_i_fr_nc_no_2015_1_e0_nl_o.jpg 1 0 0 640 480
p/MerM_01400_f_20_i_fr_nc_no_2016_2_e0_nl_o.jpg 1 0 0 640 480
p/MerK_01371_f_20_o_nf_nc_no_2015_1_e0_nl_o.jpg 1 0 0 640 480
p/MeiH_01351_f_20_i_fr_nc_no_2015_1_e0_nl_o.jpg 1 0 0 640 480
p/MazR_01335_m_24_o_nf_nc_hp_2015_1_e0_nl_o.jpg 1 0 0 640 480
p/MarS_01322_f_29_i_fr_nc_hp_2016_1_e0_nl_o.jpg 1 0 0 640 480
p/MarR_01316_m_23_o_nf_nc_hp_2016_1_e0_nl_o.jpg 1 0 0 640 480
p/MarR_01310_m_23_i_fr_nc_no_2016_1_e0_nl_o.jpg 1 0 0 640 480
p/MalA_01277_f_3_i_nf_nc_no_2016_1_e0_nl_o.jpg 1 0 0 640 480
p/MahM_01014_m_26_i_fr_nc_hp_2016_2_e0_nl_o.jpg 1 0 0 640 480
p/MahA_01008_m_25_o_nf_nc_no_2013_1_e0_nl_o.jpg 1 0 0 640 480
p/MahA_00983_m_24_o_fr_nc_hp_2012_1_e0_nl_o.jpg 1 0 0 640 480
p/MahA_00981_m_21_o_nf_nc_sd_2013_1_e0_nl_o.jpg 1 0 0 640 480
p/KhaS_00874_m_35_i_nf_nc_sd_2016_1_e0_nl_o.jpg 1 0 0 640 480
p/KarH_00863_m_12_i_nf_nc_no_2016_1_e0_nl_o.jpg 1 0 0 640 480
p/IslK_00860_m_20_i_fr_nc_hp_2015_1_e0_nl_o.jpg 1 0 0 640 480
p/IbrM_00853_m_20_i_fr_nc_hp_2015_1_e0_nl_o.jpg 1 0 0 640 480
p/HitS_00848_m_25_i_nf_nc_no_2015_1_e0_nl_o.jpg 1 0 0 640 480
p/HitE_00847_m_26_o_nf_nc_hp_2015_1_e0_nl_o.jpg 1 0 0 640 480
p/HedA_00843_m_46_o_fr_nc_no_2016_1_e0_nl_o.jpg 1 0 0 640 480
p/HedA_00824_m_45_o_nf_nc_hp_2015_1_e0_nl_o.jpg 1 0 0 640 480
p/HadM_00813_f_24_i_nf_nc_no_2015_1_e0_nl_o.jpg 1 0 0 640 480
p/GhaN_00810_m_21_i_nf_nc_hp_2015_1_e0_nl_o.jpg 1 0 0 640 480
p/GeoS_00798_m_22_o_fr_nc_hp_2015_1_e0_nl_o.jpg 1 0 0 640 480
p/GeoS_00780_m_22_o_fr_nc_no_2015_1_e0_nl_o.jpg 1 0 0 640 480
p/BesH_00741_m_21_o_fr_nc_hp_2015_1_e0_nl_o.jpg 1 0 0 640 480
p/BesH_00740_m_21_o_fr_nc_hp_2015_1_e0_nl_o.jpg 1 0 0 640 480
p/BesA_00735_m_20_o_fr_nc_hp_2015_1_e0_nl_o.jpg 1 0 0 640 480
p/BelA_00729_m_21_i_fr_nc_sr_2015_1_e0_nl_o.jpg 1 0 0 640 480
p/BelA_00725_m_21_i_nf_nc_no_2015_1_e0_nl_o.jpg 1 0 0 640 480
p/BahA_00718_m_36_i_fr_nc_no_2016_2_e0_nl_o.jpg 1 0 0 640 480
p/AymK_00570_m_21_o_fr_nc_hp_2012_1_e0_nl_o.jpg 1 0 0 640 480
p/AshS_00544_f_20_o_fr_nc_no_2016_1_e0_nl_o.jpg 1 0 0 640 480
p/AndP_00532_m_21_o_nf_nc_hp_2015_1_e0_nl_o.jpg 1 0 0 640 480
p/AliM_00511_m_21_o_fr_nc_sd_2015_1_e0_nl_o.jpg 1 0 0 640 480
p/AliH_00505_m_26_i_fr_nc_no_2013_1_e0_nl_o.jpg 1 0 0 640 480
p/AlaG_00501_m_32_i_fr_nc_sr_2016_2_e0_nl_o.jpg 1 0 0 640 480
p/AlaG_00492_m_32_i_nf_nc_no_2016_2_e0_nl_o.jpg 1 0 0 640 480
p/AhmZ_00360_m_21_i_fr_nc_no_2015_1_e0_nl_o.jpg 1 0 0 640 480
p/AhmS_00356_m_20_o_nf_nc_hp_2015_1_e0_nl_o.jpg 1 0 0 640 480
p/AhmS_00355_m_20_i_fr_nc_no_2015_1_e0_nl_o.jpg 1 0 0 640 480
p/AhmS_00351_m_20_o_nf_nc_hp_2015_1_e0_nl_o.jpg 1 0 0 640 480
p/AhmM_00339_m_19_o_fr_nc_no_2015_1_e0_nl_o.jpg 1 0 0 640 480
p/AhmM_00335_m_19_i_fr_nc_no_2015_1_e0_nl_o.jpg 1 0 0 640 480
p/AhmG_00322_m_19_i_fr_nc_no_2015_1_e0_nl_o.jpg 1 0 0 640 480
p/AhmG_00317_m_19_i_fr_nc_hp_2015_1_e0_nl_o.jpg 1 0 0 640 480
p/AhmG_00316_m_19_i_fr_nc_no_2015_1_e0_nl_o.jpg 1 0 0 640 480
p/AhmE_00313_m_24_o_nf_nc_no_2012_1_e0_nl_o.jpg 1 0 0 640 480
p/AhmA_00299_m_57_i_nf_nc_no_2015_1_e0_nl_o.jpg 1 0 0 640 480
p/AheS_00296_m_25_o_nf_nc_hp_2012_1_e0_nl_o.jpg 1 0 0 640 480
p/AheG_00292_m_30_i_nf_nc_no_2015_1_e0_nl_o.jpg 1 0 0 640 480
p/AboA_00139_m_33_i_nf_nc_no_2016_2_e0_nl_o.jpg 1 0 0 640 480
p/AbdH_00128_m_23_o_nf_nc_hp_2015_1_e0_nl_o.jpg 1 0 0 640 480
p/AbdA_00013_m_31_i_fr_nc_sr_2016_2_e0_nl_o.jpg 1 0 0 640 480