p/YosB_02473_f_20_i_fr_nc_hp_2016_2_e0_nl_o.jpg 1 0 0 640 480
p/YosB_02472_f_20_i_nf_nc_sd_2016_2_e0_nl_o.jpg 1 0 0 640 480
p/YosB_02471_f_20_i_fr_nc_no_2016_2_e0_nl_o.jpg 1 0 0 640 480
p/YosB_02470_f_20_i_nf_nc_no_2016_2_e0_nl_o.jpg 1 0 0 640 480
p/YosB_02469_f_20_i_nf_nc_hp_2016_2_e0_nl_o.jpg 1 0 0 640 480
p/YosB_02468_f_20_i_nf_nc_hp_2016_2_e0_nl_o.jpg 1 0 0 640 480
p/YosB_02467_f_20_i_fr_nc_hp_2016_2_e0_nl_o.jpg 1 0 0 640 480
p/YosB_02466_f_20_i_fr_nc_hp_2016_2_e0_nl_o.jpg 1 0 0 640 480
p/YosB_02465_f_20_i_nf_nc_hp_2016_2_e0_nl_o.jpg 1 0 0 640 480
p/YosB_02464_f_20_i_nf_nc_hp_2016_2_e0_nl_o.jpg 1 0 0 640 480
p/SarE_02422_f_22_i_fr_nc_hp_2016_2_e0_nl_o.jpg 1 0 0 640 480
p/SarE_02421_f_22_i_fr_nc_hp_2016_2_e0_nl_o.jpg 1 0 0 640 480
p/SarE_02420_f_22_i_nf_nc_hp_2016_2_e0_nl_o.jpg 1 0 0 640 480
p/SarE_02419_f_22_i_nf_nc_hp_2016_2_e0_nl_o.jpg 1 0 0 640 480
p/SarE_02418_f_22_i_nf_nc_sr_2016_2_e0_nl_o.jpg 1 0 0 640 480
p/SarE_02417_f_22_i_nf_nc_hp_2016_2_e0_nl_o.jpg 1 0 0 640 480
p/SarE_02416_f_22_i_fr_nc_no_2016_2_e0_nl_o.jpg 1 0 0 640 480
p/SarE_02415_f_22_i_nf_nc_no_2016_2_e0_nl_o.jpg 1 0 0 640 480
p/SarE_02414_f_22_i_nf_nc_hp_2016_2_e0_nl_o.jpg 1 0 0 640 480
p/SarE_02413_f_22_i_nf_nc_hp_2016_2_e0_nl_o.jpg 1 0 0 640 480
p/SarE_02412_f_22_i_fr_nc_hp_2016_2_e0_nl_o.jpg 1 0 0 640 480
p/SarE_02411_f_22_i_nf_nc_hp_2016_2_e0_nl_o.jpg 1 0 0 640 480
p/SarE_02410_f_22_i_nf_nc_hp_2016_2_e0_nl_o.jpg 1 0 0 640 480
p/SarE_02409_f_22_i_fr_nc_no_2016_2_e0_nl_o.jpg 1 0 0 640 480
p/SarE_02408_f_22_i_fr_nc_no_2016_2_e0_nl_o.jpg 1 0 0 640 480
p/SarE_02407_f_22_i_fr_nc_sd_2016_2_e0_nl_o.jpg 1 0 0 640 480
p/OliA_02081_f_20_i_fr_nc_no_2016_2_e0_nl_o.jpg 1 0 0 640 480
p/OliA_02080_f_20_i_fr_nc_hp_2016_2_e0_nl_o.jpg 1 0 0 640 480
p/OliA_02079_f_20_i_fr_nc_sr_2016_2_e0_nl_o.jpg 1 0 0 640 480
p/OliA_02078_f_20_i_fr_nc_sr_2016_2_e0_nl_o.jpg 1 0 0 640 480
p/OliA_02077_f_20_i_fr_nc_hp_2016_2_e0_nl_o.jpg 1 0 0 640 480
p/OliA_02076_f_20_i_fr_nc_sd_2016_2_e0_nl_o.jpg 1 0 0 640 480
p/OliA_02075_f_20_i_fr_nc_no_2016_2_e0_nl_o.jpg 1 0 0 640 480
p/OliA_02074_f_20_i_nf_nc_hp_2016_2_e0_nl_o.jpg 1 0 0 640 480
p/OliA_02073_f_20_i_fr_nc_hp_2016_2_e0_nl_o.jpg 1 0 0 640 480
p/OliA_02072_f_20_i_nf_nc_hp_2016_2_e0_nl_o.jpg 1 0 0 640 480
p/OliA_02071_f_20_i_fr_nc_sr_2016_2_e0_nl_o.jpg 1 0 0 640 480
p/OliA_02070_f_20_i_fr_nc_hp_2016_2_e0_nl_o.jpg 1 0 0 640 480
p/OliA_02069_f_20_i_fr_nc_hp_2016_2_e0_nl_o.jpg 1 0 0 640 480
p/OliA_02068_f_20_i_fr_nc_no_2016_2_e0_nl_o.jpg 1 0 0 640 480
p/OliA_02067_f_20_i_fr_nc_no_2016_2_e0_nl_o.jpg 1 0 0 640 480
p/OliA_02066_f_20_i_fr_nc_hp_2016_2_e0_nl_o.jpg 1 0 0 640 480
p/OliA_02065_f_20_i_fr_nc_hp_2016_2_e0_nl_o.jpg 1 0 0 640 480
p/OliA_02064_f_20_i_nf_nc_hp_2016_2_e0_nl_o.jpg 1 0 0 640 480
p/OliA_02063_f_20_i_fr_nc_hp_2016_2_e0_nl_o.jpg 1 0 0 640 480
p/OliA_02062_f_20_i_nf_nc_no_2016_2_e0_nl_o.jpg 1 0 0 640 480
p/OliA_02061_f_20_i_nf_nc_no_2016_2_e0_nl_o.jpg 1 0 0 640 480
p/OliA_02060_f_20_i_fr_nc_no_2016_2_e0_nl_o.jpg 1 0 0 640 480
p/OliA_02059_f_20_i_fr_nc_no_2016_2_e0_nl_o.jpg 1 0 0 640 480
p/OliA_02058_f_20_i_fr_nc_no_2016_2_e0_nl_o.jpg 1 0 0 640 480
p/OliA_02057_f_20_i_fr_nc_no_2016_2_e0_nl_o.jpg 1 0 0 640 480
p/MohG_01722_m_32_i_fr_nc_hp_2016_2_e0_nl_o.jpg 1 0 0 640 480
p/MohG_01721_m_32_i_fr_nc_hp_2016_2_e0_nl_o.jpg 1 0 0 640 480
p/MohG_01720_m_32_i_fr_nc_hp_2016_2_e0_nl_o.jpg 1 0 0 640 480
p/MohG_01719_m_32_i_fr_nc_no_2016_2_e0_nl_o.jpg 1 0 0 640 480
p/MohG_01718_m_32_i_fr_nc_no_2016_2_e0_nl_o.jpg 1 0 0 640 480
p/MohG_01717_m_32_i_fr_nc_hp_2016_2_e0_nl_o.jpg 1 0 0 640 480
p/MohG_01716_m_32_i_fr_nc_hp_2016_2_e0_nl_o.jpg 1 0 0 640 480
p/MohG_01715_m_32_i_fr_nc_hp_2016_2_e0_nl_o.jpg 1 0 0 640 480
p/MohG_01714_m_32_i_fr_nc_no_2016_2_e0_nl_o.jpg 1 0 0 640 480
p/MohG_01713_m_32_i_fr_nc_no_2016_2_e0_nl_o.jpg 1 0 0 640 480
p/MirM_01590_f_20_i_fr_nc_no_2016_2_e0_nl_o.jpg 1 0 0 640 480
p/MirM_01589_f_20_i_fr_nc_no_2016_2_e0_nl_o.jpg 1 0 0 640 480
p/MirM_01588_f_20_i_nf_nc_hp_2016_2_e0_nl_o.jpg 1 0 0 640 480
p/MirM_01587_f_20_i_nf_nc_hp_2016_2_e0_nl_o.jpg 1 0 0 640 480
p/MirM_01586_f_20_i_fr_nc_hp_2016_2_e0_nl_o.jpg 1 0 0 640 480
p/MirM_01585_f_20_i_fr_nc_no_2016_2_e0_nl_o.jpg 1 0 0 640 480
p/MirM_01584_f_20_i_fr_nc_sd_2016_2_e0_nl_o.jpg 1 0 0 640 480
p/MirM_01583_f_20_i_fr_nc_no_2016_2_e0_nl_o.jpg 1 0 0 640 480
p/MirM_01582_f_20_i_fr_nc_sr_2016_2_e0_nl_o.jpg 1 0 0 640 480
p/MerM_01429_f_20_i_fr_nc_hp_2016_2_e0_nl_o.jpg 1 0 0 640 480
p/MerM_01428_f_20_i_fr_nc_hp_2016_2_e0_nl_o.jpg 1 0 0 640 480
p/MerM_01427_f_20_i_fr_nc_hp_2016_2_e0_nl_o.jpg 1 0 0 640 480
p/MerM_01426_f_20_i_nf_nc_hp_2016_2_e0_nl_o.jpg 1 0 0 640 480
p/MerM_01425_f_20_i_nf_nc_sr_2016_2_e0_nl_o.jpg 1 0 0 640 480
p/MerM_01424_f_20_i_fr_nc_sr_2016_2_e0_nl_o.jpg 1 0 0 640 480
p/MerM_01423_f_20_i_fr_nc_sr_2016_2_e0_nl_o.jpg 1 0 0 640 480
p/MerM_01422_f_20_i_fr_nc_sr_2016_2_e0_nl_o.jpg 1 0 0 640 480
p/MerM_01421_f_20_i_fr_nc_sd_2016_2_e0_nl_o.jpg 1 0 0 640 480
p/MerM_01420_f_20_i_fr_nc_sd_2016_2_e0_nl_o.jpg 1 0 0 640 480
p/MerM_01419_f_20_i_fr_nc_sd_2016_2_e0_nl_o.jpg 1 0 0 640 480
p/MerM_01418_f_20_i_fr_nc_sd_2016_2_e0_nl_o.jpg 1 0 0 640 480
p/MerM_01417_f_20_i_fr_nc_no_2016_2_e0_nl_o.jpg 1 0 0 640 480
p/MerM_01416_f_20_i_fr_nc_no_2016_2_e0_nl_o.jpg 1 0 0 640 480
p/MerM_01415_f_20_i_fr_nc_no_2016_2_e0_nl_o.jpg 1 0 0 640 480
p/MerM_01414_f_20_i_fr_nc_no_2016_2_e0_nl_o.jpg 1 0 0 640 480
p/MerM_01413_f_20_i_fr_nc_hp_2016_2_e0_nl_o.jpg 1 0 0 640 480
p/MerM_01412_f_20_i_fr_nc_no_2016_2_e0_nl_o.jpg 1 0 0 640 480
p/MerM_01411_f_20_i_fr_nc_no_2016_2_e0_nl_o.jpg 1 0 0 640 480
p/MerM_01410_f_20_i_fr_nc_sr_2016_2_e0_nl_o.jpg 1 0 0 640 480
p/MerM_01409_f_20_i_fr_nc_no_2016_2_e0_nl_o.jpg 1 0 0 640 480
p/MerM_01408_f_20_i_fr_nc_no_2016_2_e0_nl_o.jpg 1 0 0 640 480
p/MerM_01407_f_20_i_fr_nc_no_2016_2_e0_nl_o.jpg 1 0 0 640 480
p/MerM_01406_f_20_i_fr_nc_no_2016_2_e0_nl_o.jpg 1 0 0 640 480
p/MerM_01405_f_20_i_fr_nc_no_2016_2_e0_nl_o.jpg 1 0 0 640 480
p/MerM_01404_f_20_i_fr_nc_no_2016_2_e0_nl_o.jpg 1 0 0 640 480
p/MerM_01403_f_20_i_fr_nc_hp_2016_2_e0_nl_o.jpg 1 0 0 640 480
p/MerM_01402_f_20_i_fr_nc_no_2016_2_e0_nl_o.jpg 1 0 0 640 480
p/MerM_01401_f_20_i_fr_nc_no_2016_2_e0_nl_o.jpg 1 0 0 640 480
p/MerM_01400_f_20_i_fr_nc_no_2016_2_e0_nl_o.jpg 1 0 0 640 480
p/MerM_01399_f_20_i_fr_nc_sr_2016_2_e0_nl_o.jpg 1 0 0 640 480
p/MahM_01025_m_26_i_fr_nc_sd_2016_2_e0_nl_o.jpg 1 0 0 640 480
p/MahM_01024_m_26_i_fr_nc_sd_2016_2_e0_nl_o.jpg 1 0 0 640 480
p/MahM_01023_m_26_i_nf_nc_no_2016_2_e0_nl_o.jpg 1 0 0 640 480
p/MahM_01022_m_26_i_nf_nc_sr_2016_2_e0_nl_o.jpg 1 0 0 640 480
p/MahM_01021_m_26_i_fr_nc_sr_2016_2_e0_nl_o.jpg 1 0 0 640 480
p/MahM_01020_m_26_i_fr_nc_no_2016_2_e0_nl_o.jpg 1 0 0 640 480
p/MahM_01019_m_26_i_fr_nc_sd_2016_2_e0_nl_o.jpg 1 0 0 640 480
p/MahM_01018_m_26_i_fr_nc_no_2016_2_e0_nl_o.jpg 1 0 0 640 480
p/MahM_01017_m_26_i_fr_nc_hp_2016_2_e0_nl_o.jpg 1 0 0 640 480
p/MahM_01016_m_26_i_fr_nc_hp_2016_2_e0_nl_o.jpg 1 0 0 640 480
p/MahM_01015_m_26_i_fr_nc_hp_2016_2_e0_nl_o.jpg 1 0 0 640 480
p/MahM_01014_m_26_i_fr_nc_hp_2016_2_e0_nl_o.jpg 1 0 0 640 480
p/MahM_01013_m_26_i_fr_nc_no_2016_2_e0_nl_o.jpg 1 0 0 640 480
p/MahM_01012_m_26_i_fr_nc_no_2016_2_e0_nl_o.jpg 1 0 0 640 480
p/MahM_01011_m_26_i_fr_nc_no_2016_2_e0_nl_o.jpg 1 0 0 640 480
p/MahA_00917_m_28_i_fr_nc_no_2016_2_e0_nl_o.jpg 1 0 0 640 480
p/MahA_00916_m_28_i_fr_nc_sr_2016_2_e0_nl_o.jpg 1 0 0 640 480
p/MahA_00915_m_28_i_fr_nc_sr_2016_2_e0_nl_o.jpg 1 0 0 640 480
p/MahA_00914_m_28_i_fr_nc_sr_2016_2_e0_nl_o.jpg 1 0 0 640 480
p/MahA_00913_m_28_i_fr_nc_sd_2016_2_e0_nl_o.jpg 1 0 0 640 480
p/MahA_00912_m_28_i_fr_nc_no_2016_2_e0_nl_o.jpg 1 0 0 640 480
p/MahA_00911_m_28_i_fr_nc_sr_2016_2_e0_nl_o.jpg 1 0 0 640 480
p/MahA_00910_m_28_i_fr_nc_sr_2016_2_e0_nl_o.jpg 1 0 0 640 480
p/MahA_00909_m_28_i_fr_nc_sd_2016_2_e0_nl_o.jpg 1 0 0 640 480
p/MahA_00908_m_28_i_fr_nc_sd_2016_2_e0_nl_o.jpg 1 0 0 640 480
p/MahA_00907_m_28_i_fr_nc_sd_2016_2_e0_nl_o.jpg 1 0 0 640 480
p/MahA_00906_m_28_i_fr_nc_sd_2016_2_e0_nl_o.jpg 1 0 0 640 480
p/MahA_00905_m_28_i_fr_nc_no_2016_2_e0_nl_o.jpg 1 0 0 640 480
p/MahA_00904_m_28_i_fr_nc_hp_2016_2_e0_nl_o.jpg 1 0 0 640 480
p/MahA_00903_m_28_i_fr_nc_hp_2016_2_e0_nl_o.jpg 1 0 0 640 480
p/MahA_00902_m_28_i_fr_nc_no_2016_2_e0_nl_o.jpg 1 0 0 640 480
p/MahA_00901_m_28_i_nf_nc_no_2016_2_e0_nl_o.jpg 1 0 0 640 480
p/MahA_00900_m_28_i_nf_nc_no_2016_2_e0_nl_o.jpg 1 0 0 640 480
p/MahA_00899_m_28_i_nf_nc_no_2016_2_e0_nl_o.jpg 1 0 0 640 480
p/MahA_00898_m_28_i_fr_nc_sd_2016_2_e0_nl_o.jpg 1 0 0 640 480
p/MahA_00897_m_28_i_fr_nc_sd_2016_2_e0_nl_o.jpg 1 0 0 640 480
p/MahA_00896_m_28_i_fr_nc_sd_2016_2_e0_nl_o.jpg 1 0 0 640 480
p/MahA_00895_m_28_i_fr_nc_sd_2016_2_e0_nl_o.jpg 1 0 0 640 480
p/MahA_00894_m_28_i_fr_nc_sd_2016_2_e0_nl_o.jpg 1 0 0 640 480
p/MahA_00893_m_28_i_fr_nc_sr_2016_2_e0_nl_o.jpg 1 0 0 640 480
p/MahA_00892_m_28_i_fr_nc_sr_2016_2_e0_nl_o.jpg 1 0 0 640 480
p/MahA_00891_m_28_i_fr_nc_sd_2016_2_e0_nl_o.jpg 1 0 0 640 480
p/MahA_00890_m_28_i_fr_nc_sd_2016_2_e0_nl_o.jpg 1 0 0 640 480
p/MahA_00889_m_28_i_fr_nc_sr_2016_2_e0_nl_o.jpg 1 0 0 640 480
p/MahA_00888_m_28_i_fr_nc_sd_2016_2_e0_nl_o.jpg 1 0 0 640 480
p/MahA_00887_m_28_i_fr_nc_sd_2016_2_e0_nl_o.jpg 1 0 0 640 480
p/MahA_00886_m_28_i_fr_nc_hp_2016_2_e0_nl_o.jpg 1 0 0 640 480
p/MahA_00885_m_28_i_fr_nc_hp_2016_2_e0_nl_o.jpg 1 0 0 640 480
p/BahA_00720_m_36_i_fr_nc_hp_2016_2_e0_nl_o.jpg 1 0 0 640 480
p/BahA_00719_m_36_i_fr_nc_no_2016_2_e0_nl_o.jpg 1 0 0 640 480
p/BahA_00718_m_36_i_fr_nc_no_2016_2_e0_nl_o.jpg 1 0 0 640 480
p/BahA_00717_m_36_i_fr_nc_no_2016_2_e0_nl_o.jpg 1 0 0 640 480
p/BahA_00716_m_36_i_fr_nc_no_2016_2_e0_nl_o.jpg 1 0 0 640 480
p/BahA_00715_m_36_i_fr_nc_hp_2016_2_e0_nl_o.jpg 1 0 0 640 480
p/BahA_00714_m_36_i_fr_nc_hp_2016_2_e0_nl_o.jpg 1 0 0 640 480
p/BahA_00713_m_36_i_fr_nc_hp_2016_2_e0_nl_o.jpg 1 0 0 640 480
p/BahA_00712_m_36_i_fr_nc_hp_2016_2_e0_nl_o.jpg 1 0 0 640 480
p/BahA_00711_m_36_i_fr_nc_hp_2016_2_e0_nl_o.jpg 1 0 0 640 480
p/BahA_00710_m_36_i_fr_nc_no_2016_2_e0_nl_o.jpg 1 0 0 640 480
p/BahA_00709_m_36_i_nf_nc_no_2016_2_e0_nl_o.jpg 1 0 0 640 480
p/AlaG_00502_m_32_i_fr_nc_no_2016_2_e0_nl_o.jpg 1 0 0 640 480
p/AlaG_00501_m_32_i_fr_nc_sr_2016_2_e0_nl_o.jpg 1 0 0 640 480
p/AlaG_00500_m_32_i_fr_nc_sd_2016_2_e0_nl_o.jpg 1 0 0 640 480
p/AlaG_00499_m_32_i_fr_nc_hp_2016_2_e0_nl_o.jpg 1 0 0 640 480
p/AlaG_00498_m_32_i_fr_nc_hp_2016_2_e0_nl_o.jpg 1 0 0 640 480
p/AlaG_00497_m_32_i_fr_nc_hp_2016_2_e0_nl_o.jpg 1 0 0 640 480
p/AlaG_00496_m_32_i_fr_nc_hp_2016_2_e0_nl_o.jpg 1 0 0 640 480
p/AlaG_00495_m_32_i_fr_nc_no_2016_2_e0_nl_o.jpg 1 0 0 640 480
p/AboA_00152_m_33_i_nf_nc_hp_2016_2_e0_nl_o.jpg 1 0 0 640 480
p/AboA_00151_m_33_i_fr_nc_hp_2016_2_e0_nl_o.jpg 1 0 0 640 480
p/AboA_00150_m_33_i_fr_nc_hp_2016_2_e0_nl_o.jpg 1 0 0 640 480
p/AboA_00149_m_33_i_fr_nc_hp_2016_2_e0_nl_o.jpg 1 0 0 640 480
p/AboA_00148_m_33_i_nf_nc_hp_2016_2_e0_nl_o.jpg 1 0 0 640 480
p/AboA_00147_m_33_i_nf_nc_hp_2016_2_e0_nl_o.jpg 1 0 0 640 480
p/AboA_00146_m_33_i_nf_nc_sr_2016_2_e0_nl_o.jpg 1 0 0 640 480
p/AboA_00145_m_33_i_nf_nc_sr_2016_2_e0_nl_o.jpg 1 0 0 640 480
p/AboA_00144_m_33_i_nf_nc_sr_2016_2_e0_nl_o.jpg 1 0 0 640 480
p/AboA_00143_m_33_i_nf_nc_sd_2016_2_e0_nl_o.jpg 1 0 0 640 480
p/AboA_00142_m_33_i_nf_nc_sd_2016_2_e0_nl_o.jpg 1 0 0 640 480
p/AboA_00141_m_33_i_nf_nc_hp_2016_2_e0_nl_o.jpg 1 0 0 640 480
p/AboA_00140_m_33_i_nf_nc_hp_2016_2_e0_nl_o.jpg 1 0 0 640 480
p/AboA_00139_m_33_i_nf_nc_no_2016_2_e0_nl_o.jpg 1 0 0 640 480
p/AboA_00138_m_33_i_nf_nc_no_2016_2_e0_nl_o.jpg 1 0 0 640 480
p/AboA_00137_m_33_i_nf_nc_no_2016_2_e0_nl_o.jpg 1 0 0 640 480
p/AboA_00136_m_33_i_nf_nc_no_2016_2_e0_nl_o.jpg 1 0 0 640 480
p/AbdA_00117_m_31_i_fr_nc_hp_2016_2_e0_nl_o.jpg 1 0 0 640 480
p/AbdA_00106_m_31_i_fr_nc_no_2016_2_e0_nl_o.jpg 1 0 0 640 480
p/AbdA_00095_m_31_i_fr_nc_sd_2016_2_e0_nl_o.jpg 1 0 0 640 480
p/AbdA_00084_m_31_i_fr_nc_no_2016_2_e0_nl_o.jpg 1 0 0 640 480
p/AbdA_00073_m_31_i_fr_nc_no_2016_2_e0_nl_o.jpg 1 0 0 640 480
p/AbdA_00062_m_31_i_fr_nc_no_2016_2_e0_nl_o.jpg 1 0 0 640 480
p/AbdA_00040_m_31_i_fr_nc_no_2016_2_e0_nl_o.jpg 1 0 0 640 480
p/AbdA_00024_m_31_i_fr_nc_hp_2016_2_e0_nl_o.jpg 1 0 0 640 480
p/AbdA_00013_m_31_i_fr_nc_sr_2016_2_e0_nl_o.jpg 1 0 0 640 480
p/AbdA_00002_m_31_i_fr_nc_sr_2016_2_e0_nl_o.jpg 1 0 0 640 480
p/AbdA_00001_m_31_i_fr_nc_no_2016_2_e0_nl_o.jpg 1 0 0 640 480